<?xml version="1.0" encoding="UTF-8"?>
<!-- Generated by org.testng.reporters.JUnitReportReporter -->
<testsuite hostname="Jenifer_041" failures="0" tests="3" name="TestNG.depency" time="0.007" errors="0" timestamp="2022-08-16T22:27:59 IST" skipped="0">
  <testcase classname="TestNG.depency" name="High_school" time="0.006"/>
  <system-out/>
  <testcase classname="TestNG.depency" name="Higher_Secondary_school" time="0.001"/>
  <system-out/>
  <testcase classname="TestNG.depency" name="College" time="0.000"/>
  <system-out/>
</testsuite> <!-- TestNG.depency -->
