<?xml version="1.0" encoding="UTF-8"?>
<!-- Generated by org.testng.reporters.JUnitReportReporter -->
<testsuite hostname="Jenifer_041" failures="0" tests="3" name="TestNG.ExpectedException" time="28.906" errors="0" timestamp="2022-09-26T20:12:20 IST" skipped="0">
  <testcase classname="TestNG.ExpectedException" name="bing" time="7.856"/>
  <system-out/>
  <testcase classname="TestNG.ExpectedException" name="google" time="8.044"/>
  <system-out/>
  <testcase classname="TestNG.ExpectedException" name="fan" time="13.006"/>
  <system-out/>
</testsuite> <!-- TestNG.ExpectedException -->
