<?xml version="1.0" encoding="UTF-8"?>
<!-- Generated by org.testng.reporters.JUnitReportReporter -->
<testsuite hostname="Jenifer_041" failures="0" tests="4" name="TestNG.priority" time="0.004" errors="0" timestamp="2022-08-16T22:27:59 IST" skipped="1">
  <testcase classname="TestNG.priority" name="breakfat" time="0.002"/>
  <system-out/>
  <testcase classname="TestNG.priority" name="lunch" time="0.001"/>
  <system-out/>
  <testcase classname="TestNG.priority" name="dinner" time="0.001"/>
  <system-out/>
  <testcase classname="TestNG.priority" name="snacks">
    <skipped/>
  </testcase> <!-- snacks -->
  <system-out/>
</testsuite> <!-- TestNG.priority -->
