<?xml version="1.0" encoding="UTF-8"?>
<!-- Generated by org.testng.reporters.JUnitReportReporter -->
<testsuite hostname="Jenifer_041" failures="0" tests="3" name="TestNG.simpletestcase" time="19.744" errors="0" timestamp="2022-08-16T22:27:59 IST" skipped="0">
  <testcase classname="TestNG.simpletestcase" name="bing" time="2.416"/>
  <system-out/>
  <testcase classname="TestNG.simpletestcase" name="yahoo" time="13.881"/>
  <system-out/>
  <testcase classname="TestNG.simpletestcase" name="google" time="3.447"/>
  <system-out/>
</testsuite> <!-- TestNG.simpletestcase -->
