<?xml version="1.0" encoding="UTF-8"?>
<!-- Generated by org.testng.reporters.JUnitReportReporter -->
<testsuite hostname="Jenifer_041" failures="0" tests="1" name="TestNG.timeout" time="14.836" errors="0" timestamp="2022-09-26T14:02:48 IST" skipped="0">
  <testcase classname="TestNG.timeout" name="f" time="14.836"/>
  <system-out/>
</testsuite> <!-- TestNG.timeout -->
