<?xml version="1.0" encoding="UTF-8"?>
<!-- Generated by org.testng.reporters.JUnitReportReporter -->
<testsuite hostname="Jenifer_041" failures="0" tests="15" name="TestNG.thread_poolsize" time="0.067" errors="0" timestamp="2022-09-26T13:14:46 IST" skipped="0">
  <testcase classname="TestNG.thread_poolsize" name="breakfast" time="0.021"/>
  <system-out/>
  <testcase classname="TestNG.thread_poolsize" name="lunch" time="0.003"/>
  <system-out/>
  <testcase classname="TestNG.thread_poolsize" name="lunch" time="0.002"/>
  <system-out/>
  <testcase classname="TestNG.thread_poolsize" name="lunch" time="0.002"/>
  <system-out/>
  <testcase classname="TestNG.thread_poolsize" name="lunch" time="0.002"/>
  <system-out/>
  <testcase classname="TestNG.thread_poolsize" name="breakfast" time="0.003"/>
  <system-out/>
  <testcase classname="TestNG.thread_poolsize" name="lunch" time="0.006"/>
  <system-out/>
  <testcase classname="TestNG.thread_poolsize" name="lunch" time="0.003"/>
  <system-out/>
  <testcase classname="TestNG.thread_poolsize" name="lunch" time="0.003"/>
  <system-out/>
  <testcase classname="TestNG.thread_poolsize" name="breakfast" time="0.004"/>
  <system-out/>
  <testcase classname="TestNG.thread_poolsize" name="lunch" time="0.004"/>
  <system-out/>
  <testcase classname="TestNG.thread_poolsize" name="lunch" time="0.003"/>
  <system-out/>
  <testcase classname="TestNG.thread_poolsize" name="breakfast" time="0.004"/>
  <system-out/>
  <testcase classname="TestNG.thread_poolsize" name="breakfast" time="0.005"/>
  <system-out/>
  <testcase classname="TestNG.thread_poolsize" name="lunch" time="0.002"/>
  <system-out/>
</testsuite> <!-- TestNG.thread_poolsize -->
