<?xml version="1.0" encoding="UTF-8"?>
<!-- Generated by org.testng.reporters.JUnitReportReporter -->
<testsuite hostname="Jenifer_041" failures="0" tests="4" name="TestNG.skipteast_case" time="0.010" errors="0" timestamp="2022-09-09T12:43:29 IST" skipped="1">
  <testcase classname="TestNG.skipteast_case" name="snacks" time="0.008"/>
  <system-out/>
  <testcase classname="TestNG.skipteast_case" name="lunch" time="0.001"/>
  <system-out/>
  <testcase classname="TestNG.skipteast_case" name="dinner" time="0.001"/>
  <system-out/>
  <testcase classname="TestNG.skipteast_case" name="breakfat">
    <skipped/>
  </testcase> <!-- breakfat -->
  <system-out/>
</testsuite> <!-- TestNG.skipteast_case -->
