<?xml version="1.0" encoding="UTF-8"?>
<!-- Generated by org.testng.reporters.JUnitReportReporter -->
<testsuite hostname="Jenifer_041" failures="0" tests="9" name="TestNG.groups" time="0.008" errors="0" timestamp="2022-08-16T22:27:59 IST" skipped="0">
  <testcase classname="TestNG.groups" name="vimalaorange" time="0.001"/>
  <system-out/>
  <testcase classname="TestNG.groups" name="greenapple" time="0.001"/>
  <system-out/>
  <testcase classname="TestNG.groups" name="drygrapes" time="0.001"/>
  <system-out/>
  <testcase classname="TestNG.groups" name="apple" time="0.001"/>
  <system-out/>
  <testcase classname="TestNG.groups" name="kamalaorange" time="0.001"/>
  <system-out/>
  <testcase classname="TestNG.groups" name="Kashmirapple" time="0.001"/>
  <system-out/>
  <testcase classname="TestNG.groups" name="badham" time="0.001"/>
  <system-out/>
  <testcase classname="TestNG.groups" name="orange" time="0.000"/>
  <system-out/>
  <testcase classname="TestNG.groups" name="cashew" time="0.001"/>
  <system-out/>
</testsuite> <!-- TestNG.groups -->
