<?xml version="1.0" encoding="UTF-8"?>
<!-- Generated by org.testng.reporters.JUnitReportReporter -->
<testsuite hostname="Jenifer_041" failures="0" tests="2" name="TestNG.paramerization" time="0.012" errors="0" timestamp="2022-08-16T22:26:22 IST" skipped="0">
  <testcase classname="TestNG.paramerization" name="printname" time="0.011"/>
  <system-out/>
  <testcase classname="TestNG.paramerization" name="printname1" time="0.001"/>
  <system-out/>
</testsuite> <!-- TestNG.paramerization -->
